<?xml version="1.0" encoding="UTF-8"?>
<testsuite name="com.example.ExampleApplicationTests" tests="1" skipped="0" failures="0" errors="0" timestamp="2016-11-05T13:51:21" hostname="mike-SATELLITE-C55-A-1H1" time="0.028">
  <properties/>
  <testcase name="contextLoads" classname="com.example.ExampleApplicationTests" time="0.028"/>
  <system-out><![CDATA[15:51:11.086 [Test worker] DEBUG org.springframework.test.context.junit4.SpringJUnit4ClassRunner - SpringJUnit4ClassRunner constructor called with [class com.example.ExampleApplicationTests]
15:51:11.094 [Test worker] DEBUG org.springframework.test.context.BootstrapUtils - Instantiating CacheAwareContextLoaderDelegate from class [org.springframework.test.context.cache.DefaultCacheAwareContextLoaderDelegate]
15:51:11.110 [Test worker] DEBUG org.springframework.test.context.BootstrapUtils - Instantiating BootstrapContext using constructor [public org.springframework.test.context.support.DefaultBootstrapContext(java.lang.Class,org.springframework.test.context.CacheAwareContextLoaderDelegate)]
15:51:11.135 [Test worker] DEBUG org.springframework.test.context.BootstrapUtils - Instantiating TestContextBootstrapper for test class [com.example.ExampleApplicationTests] from class [org.springframework.test.context.web.WebTestContextBootstrapper]
15:51:11.187 [Test worker] DEBUG org.springframework.test.context.web.WebTestContextBootstrapper - Found explicit ContextLoader class [org.springframework.boot.test.SpringApplicationContextLoader] for context configuration attributes [ContextConfigurationAttributes@240df152 declaringClass = 'com.example.ExampleApplicationTests', classes = '{class com.example.ExampleApplication}', locations = '{}', inheritLocations = true, initializers = '{}', inheritInitializers = true, name = [null], contextLoaderClass = 'org.springframework.boot.test.SpringApplicationContextLoader']
15:51:11.199 [Test worker] DEBUG org.springframework.test.context.support.AbstractContextLoader - Did not detect default resource location for test class [com.example.ExampleApplicationTests]: class path resource [com/example/ExampleApplicationTests-context.xml] does not exist
15:51:11.203 [Test worker] DEBUG org.springframework.test.context.support.AbstractContextLoader - Did not detect default resource location for test class [com.example.ExampleApplicationTests]: class path resource [com/example/ExampleApplicationTestsContext.groovy] does not exist
15:51:11.212 [Test worker] INFO org.springframework.test.context.support.AbstractContextLoader - Could not detect default resource locations for test class [com.example.ExampleApplicationTests]: no resource found for suffixes {-context.xml, Context.groovy}.
15:51:11.314 [Test worker] DEBUG org.springframework.test.context.support.ActiveProfilesUtils - Could not find an 'annotation declaring class' for annotation type [org.springframework.test.context.ActiveProfiles] and class [com.example.ExampleApplicationTests]
15:51:11.316 [Test worker] DEBUG org.springframework.test.context.web.WebTestContextBootstrapper - @TestExecutionListeners is not present for class [com.example.ExampleApplicationTests]: using defaults.
15:51:11.337 [Test worker] INFO org.springframework.test.context.web.WebTestContextBootstrapper - Loaded default TestExecutionListener class names from location [META-INF/spring.factories]: [org.springframework.boot.test.mock.mockito.MockitoTestExecutionListener, org.springframework.boot.test.mock.mockito.ResetMocksTestExecutionListener, org.springframework.boot.test.autoconfigure.restdocs.RestDocsTestExecutionListener, org.springframework.boot.test.autoconfigure.web.client.MockRestServiceServerResetTestExecutionListener, org.springframework.boot.test.autoconfigure.web.servlet.MockMvcPrintOnlyOnFailureTestExecutionListener, org.springframework.boot.test.autoconfigure.web.servlet.WebDriverTestExecutionListener, org.springframework.test.context.web.ServletTestExecutionListener, org.springframework.test.context.support.DirtiesContextBeforeModesTestExecutionListener, org.springframework.test.context.support.DependencyInjectionTestExecutionListener, org.springframework.test.context.support.DirtiesContextTestExecutionListener, org.springframework.test.context.transaction.TransactionalTestExecutionListener, org.springframework.test.context.jdbc.SqlScriptsTestExecutionListener]
15:51:11.377 [Test worker] INFO org.springframework.test.context.web.WebTestContextBootstrapper - Using TestExecutionListeners: [org.springframework.test.context.web.ServletTestExecutionListener@72a8338e, org.springframework.test.context.support.DirtiesContextBeforeModesTestExecutionListener@60c63758, org.springframework.test.context.support.DependencyInjectionTestExecutionListener@72d0769f, org.springframework.test.context.support.DirtiesContextTestExecutionListener@6773200c, org.springframework.test.context.transaction.TransactionalTestExecutionListener@54f44b2f, org.springframework.test.context.jdbc.SqlScriptsTestExecutionListener@5d9ca1e, org.springframework.boot.test.autoconfigure.restdocs.RestDocsTestExecutionListener@744c20b4, org.springframework.boot.test.autoconfigure.web.servlet.WebDriverTestExecutionListener@a410d71, org.springframework.boot.test.autoconfigure.web.servlet.MockMvcPrintOnlyOnFailureTestExecutionListener@7c1a8225, org.springframework.boot.test.mock.mockito.ResetMocksTestExecutionListener@37583e82, org.springframework.boot.test.autoconfigure.web.client.MockRestServiceServerResetTestExecutionListener@2284e15d, org.springframework.boot.test.mock.mockito.MockitoTestExecutionListener@202c4af9]
15:51:11.383 [Test worker] DEBUG org.springframework.test.annotation.ProfileValueUtils - Retrieved @ProfileValueSourceConfiguration [null] for test class [com.example.ExampleApplicationTests]
15:51:11.385 [Test worker] DEBUG org.springframework.test.annotation.ProfileValueUtils - Retrieved ProfileValueSource type [class org.springframework.test.annotation.SystemProfileValueSource] for class [com.example.ExampleApplicationTests]
15:51:11.388 [Test worker] DEBUG org.springframework.test.annotation.ProfileValueUtils - Retrieved @ProfileValueSourceConfiguration [null] for test class [com.example.ExampleApplicationTests]
15:51:11.389 [Test worker] DEBUG org.springframework.test.annotation.ProfileValueUtils - Retrieved ProfileValueSource type [class org.springframework.test.annotation.SystemProfileValueSource] for class [com.example.ExampleApplicationTests]
15:51:11.394 [Test worker] DEBUG org.springframework.test.context.support.AbstractDirtiesContextTestExecutionListener - Before test class: context [DefaultTestContext@2ba012be testClass = ExampleApplicationTests, testInstance = [null], testMethod = [null], testException = [null], mergedContextConfiguration = [WebMergedContextConfiguration@75174ba2 testClass = ExampleApplicationTests, locations = '{}', classes = '{class com.example.ExampleApplication}', contextInitializerClasses = '[]', activeProfiles = '{}', propertySourceLocations = '{}', propertySourceProperties = '{}', contextCustomizers = set[org.springframework.boot.test.context.filter.ExcludeFilterContextCustomizer@1c05885e, org.springframework.boot.test.mock.mockito.MockitoContextCustomizer@0, org.springframework.boot.test.autoconfigure.properties.PropertyMappingContextCustomizer@0, org.springframework.boot.test.autoconfigure.web.servlet.WebDriverContextCustomizerFactory$Customizer@246542ed, org.springframework.test.context.web.socket.MockServerContainerContextCustomizer@1868f1f8], resourceBasePath = 'src/main/webapp', contextLoader = 'org.springframework.boot.test.SpringApplicationContextLoader', parent = [null]]], class annotated with @DirtiesContext [false] with mode [null].
15:51:11.397 [Test worker] DEBUG org.springframework.test.annotation.ProfileValueUtils - Retrieved @ProfileValueSourceConfiguration [null] for test class [com.example.ExampleApplicationTests]
15:51:11.398 [Test worker] DEBUG org.springframework.test.annotation.ProfileValueUtils - Retrieved ProfileValueSource type [class org.springframework.test.annotation.SystemProfileValueSource] for class [com.example.ExampleApplicationTests]
15:51:11.515 [Test worker] DEBUG org.springframework.core.env.StandardEnvironment - Adding [systemProperties] PropertySource with lowest search precedence
15:51:11.517 [Test worker] DEBUG org.springframework.core.env.StandardEnvironment - Adding [systemEnvironment] PropertySource with lowest search precedence
15:51:11.518 [Test worker] DEBUG org.springframework.core.env.StandardEnvironment - Initialized StandardEnvironment with PropertySources [systemProperties,systemEnvironment]
15:51:11.520 [Test worker] DEBUG org.springframework.core.env.StandardEnvironment - Adding [integrationTest] PropertySource with search precedence immediately lower than [systemEnvironment]

  .   ____          _            __ _ _
 /\\ / ___'_ __ _ _(_)_ __  __ _ \ \ \ \
( ( )\___ | '_ | '_| | '_ \/ _` | \ \ \ \
 \\/  ___)| |_)| | | | | || (_| |  ) ) ) )
  '  |____| .__|_| |_|_| |_\__, | / / / /
 =========|_|==============|___/=/_/_/_/
 :: Spring Boot ::        (v1.4.1.RELEASE)

2016-11-05 15:51:12.111  INFO 10666 --- [    Test worker] com.example.ExampleApplicationTests      : Starting ExampleApplicationTests on mike-SATELLITE-C55-A-1H1 with PID 10666 (started by mike in /home/mike/IdeaProjects/spring-cat)
2016-11-05 15:51:12.113  INFO 10666 --- [    Test worker] com.example.ExampleApplicationTests      : No active profile set, falling back to default profiles: default
2016-11-05 15:51:12.676  INFO 10666 --- [    Test worker] o.s.w.c.s.GenericWebApplicationContext   : Refreshing org.springframework.web.context.support.GenericWebApplicationContext@316325e7: startup date [Sat Nov 05 15:51:12 EET 2016]; root of context hierarchy
2016-11-05 15:51:14.999  INFO 10666 --- [    Test worker] f.a.AutowiredAnnotationBeanPostProcessor : JSR-330 'javax.inject.Inject' annotation found and supported for autowiring
2016-11-05 15:51:15.173  INFO 10666 --- [    Test worker] trationDelegate$BeanPostProcessorChecker : Bean 'org.springframework.transaction.annotation.ProxyTransactionManagementConfiguration' of type [class org.springframework.transaction.annotation.ProxyTransactionManagementConfiguration$$EnhancerBySpringCGLIB$$b88dd8e6] is not eligible for getting processed by all BeanPostProcessors (for example: not eligible for auto-proxying)
2016-11-05 15:51:15.846  INFO 10666 --- [    Test worker] j.LocalContainerEntityManagerFactoryBean : Building JPA container EntityManagerFactory for persistence unit 'default'
2016-11-05 15:51:15.880  INFO 10666 --- [    Test worker] o.hibernate.jpa.internal.util.LogHelper  : HHH000204: Processing PersistenceUnitInfo [
	name: default
	...]
2016-11-05 15:51:15.998  INFO 10666 --- [    Test worker] org.hibernate.Version                    : HHH000412: Hibernate Core {5.0.11.Final}
2016-11-05 15:51:16.001  INFO 10666 --- [    Test worker] org.hibernate.cfg.Environment            : HHH000206: hibernate.properties not found
2016-11-05 15:51:16.005  INFO 10666 --- [    Test worker] org.hibernate.cfg.Environment            : HHH000021: Bytecode provider name : javassist
2016-11-05 15:51:16.075  INFO 10666 --- [    Test worker] o.hibernate.annotations.common.Version   : HCANN000001: Hibernate Commons Annotations {5.0.1.Final}
2016-11-05 15:51:16.718  INFO 10666 --- [    Test worker] org.hibernate.dialect.Dialect            : HHH000400: Using dialect: org.hibernate.dialect.PostgreSQLDialect
2016-11-05 15:51:16.899  INFO 10666 --- [    Test worker] o.h.e.j.e.i.LobCreatorBuilderImpl        : HHH000424: Disabling contextual LOB creation as createClob() method threw error : java.lang.reflect.InvocationTargetException
2016-11-05 15:51:16.901  INFO 10666 --- [    Test worker] org.hibernate.type.BasicTypeRegistry     : HHH000270: Type registration [java.util.UUID] overrides previous : org.hibernate.type.UUIDBinaryType@6471a3c8
2016-11-05 15:51:17.237  WARN 10666 --- [    Test worker] o.h.t.d.java.JavaTypeDescriptorRegistry  : Could not find matching type descriptor for requested Java class [com.example.dto.PlaceInfo]; using fallback
2016-11-05 15:51:17.254  WARN 10666 --- [    Test worker] org.hibernate.orm.deprecation            : HHH90000014: Found use of deprecated [org.hibernate.id.SequenceGenerator] sequence-based id generator; use org.hibernate.id.enhanced.SequenceStyleGenerator instead.  See Hibernate Domain Model Mapping Guide for details.
2016-11-05 15:51:17.258  WARN 10666 --- [    Test worker] org.hibernate.orm.deprecation            : HHH90000014: Found use of deprecated [org.hibernate.id.SequenceGenerator] sequence-based id generator; use org.hibernate.id.enhanced.SequenceStyleGenerator instead.  See Hibernate Domain Model Mapping Guide for details.
2016-11-05 15:51:17.258  WARN 10666 --- [    Test worker] org.hibernate.orm.deprecation            : HHH90000014: Found use of deprecated [org.hibernate.id.SequenceGenerator] sequence-based id generator; use org.hibernate.id.enhanced.SequenceStyleGenerator instead.  See Hibernate Domain Model Mapping Guide for details.
2016-11-05 15:51:17.258  WARN 10666 --- [    Test worker] org.hibernate.orm.deprecation            : HHH90000014: Found use of deprecated [org.hibernate.id.SequenceGenerator] sequence-based id generator; use org.hibernate.id.enhanced.SequenceStyleGenerator instead.  See Hibernate Domain Model Mapping Guide for details.
2016-11-05 15:51:17.259  WARN 10666 --- [    Test worker] org.hibernate.orm.deprecation            : HHH90000014: Found use of deprecated [org.hibernate.id.SequenceGenerator] sequence-based id generator; use org.hibernate.id.enhanced.SequenceStyleGenerator instead.  See Hibernate Domain Model Mapping Guide for details.
2016-11-05 15:51:17.259  WARN 10666 --- [    Test worker] org.hibernate.orm.deprecation            : HHH90000014: Found use of deprecated [org.hibernate.id.SequenceGenerator] sequence-based id generator; use org.hibernate.id.enhanced.SequenceStyleGenerator instead.  See Hibernate Domain Model Mapping Guide for details.
2016-11-05 15:51:17.260  WARN 10666 --- [    Test worker] org.hibernate.orm.deprecation            : HHH90000014: Found use of deprecated [org.hibernate.id.SequenceGenerator] sequence-based id generator; use org.hibernate.id.enhanced.SequenceStyleGenerator instead.  See Hibernate Domain Model Mapping Guide for details.
2016-11-05 15:51:17.260  WARN 10666 --- [    Test worker] org.hibernate.orm.deprecation            : HHH90000014: Found use of deprecated [org.hibernate.id.SequenceGenerator] sequence-based id generator; use org.hibernate.id.enhanced.SequenceStyleGenerator instead.  See Hibernate Domain Model Mapping Guide for details.
2016-11-05 15:51:17.261  WARN 10666 --- [    Test worker] org.hibernate.orm.deprecation            : HHH90000014: Found use of deprecated [org.hibernate.id.SequenceGenerator] sequence-based id generator; use org.hibernate.id.enhanced.SequenceStyleGenerator instead.  See Hibernate Domain Model Mapping Guide for details.
2016-11-05 15:51:17.261  WARN 10666 --- [    Test worker] org.hibernate.orm.deprecation            : HHH90000014: Found use of deprecated [org.hibernate.id.SequenceGenerator] sequence-based id generator; use org.hibernate.id.enhanced.SequenceStyleGenerator instead.  See Hibernate Domain Model Mapping Guide for details.
2016-11-05 15:51:17.261  WARN 10666 --- [    Test worker] org.hibernate.orm.deprecation            : HHH90000014: Found use of deprecated [org.hibernate.id.SequenceGenerator] sequence-based id generator; use org.hibernate.id.enhanced.SequenceStyleGenerator instead.  See Hibernate Domain Model Mapping Guide for details.
2016-11-05 15:51:17.261  WARN 10666 --- [    Test worker] org.hibernate.orm.deprecation            : HHH90000014: Found use of deprecated [org.hibernate.id.SequenceGenerator] sequence-based id generator; use org.hibernate.id.enhanced.SequenceStyleGenerator instead.  See Hibernate Domain Model Mapping Guide for details.
2016-11-05 15:51:17.262  WARN 10666 --- [    Test worker] org.hibernate.orm.deprecation            : HHH90000014: Found use of deprecated [org.hibernate.id.SequenceGenerator] sequence-based id generator; use org.hibernate.id.enhanced.SequenceStyleGenerator instead.  See Hibernate Domain Model Mapping Guide for details.
2016-11-05 15:51:17.262  WARN 10666 --- [    Test worker] org.hibernate.orm.deprecation            : HHH90000014: Found use of deprecated [org.hibernate.id.SequenceGenerator] sequence-based id generator; use org.hibernate.id.enhanced.SequenceStyleGenerator instead.  See Hibernate Domain Model Mapping Guide for details.
2016-11-05 15:51:17.262  WARN 10666 --- [    Test worker] org.hibernate.orm.deprecation            : HHH90000014: Found use of deprecated [org.hibernate.id.SequenceGenerator] sequence-based id generator; use org.hibernate.id.enhanced.SequenceStyleGenerator instead.  See Hibernate Domain Model Mapping Guide for details.
2016-11-05 15:51:17.263  WARN 10666 --- [    Test worker] org.hibernate.orm.deprecation            : HHH90000014: Found use of deprecated [org.hibernate.id.SequenceGenerator] sequence-based id generator; use org.hibernate.id.enhanced.SequenceStyleGenerator instead.  See Hibernate Domain Model Mapping Guide for details.
2016-11-05 15:51:17.834  INFO 10666 --- [    Test worker] org.hibernate.tool.hbm2ddl.SchemaUpdate  : HHH000228: Running hbm2ddl schema update
2016-11-05 15:51:18.748  INFO 10666 --- [    Test worker] j.LocalContainerEntityManagerFactoryBean : Initialized JPA EntityManagerFactory for persistence unit 'default'
2016-11-05 15:51:19.851  INFO 10666 --- [    Test worker] s.w.s.m.m.a.RequestMappingHandlerMapping : Mapped "{[/verify]}" onto java.lang.String com.example.controllers.Verify.returnq()
2016-11-05 15:51:19.854  INFO 10666 --- [    Test worker] s.w.s.m.m.a.RequestMappingHandlerMapping : Mapped "{[/getFeedComments],methods=[POST]}" onto <T> java.util.List<T> com.example.controllers.commentsControllers.CommentsController.getCommetns(long,int,int,int)
2016-11-05 15:51:19.855  INFO 10666 --- [    Test worker] s.w.s.m.m.a.RequestMappingHandlerMapping : Mapped "{[/comments/savecomment3],methods=[POST]}" onto com.example.entity.comments.SuggestionComments com.example.controllers.commentsControllers.CommentsController.saveComment(com.example.entity.comments.SuggestionComments)
2016-11-05 15:51:19.855  INFO 10666 --- [    Test worker] s.w.s.m.m.a.RequestMappingHandlerMapping : Mapped "{[/comments/savecomment4],methods=[POST]}" onto com.example.entity.comments.EventComments com.example.controllers.commentsControllers.CommentsController.saveComment(com.example.entity.comments.EventComments)
2016-11-05 15:51:19.856  INFO 10666 --- [    Test worker] s.w.s.m.m.a.RequestMappingHandlerMapping : Mapped "{[/comments/savecomment1],methods=[POST]}" onto com.example.entity.comments.VoluntariesComments com.example.controllers.commentsControllers.CommentsController.saveComment(com.example.entity.comments.VoluntariesComments)
2016-11-05 15:51:19.856  INFO 10666 --- [    Test worker] s.w.s.m.m.a.RequestMappingHandlerMapping : Mapped "{[/comments/savecomment2],methods=[POST]}" onto com.example.entity.comments.TroublesComments com.example.controllers.commentsControllers.CommentsController.saveComment(com.example.entity.comments.TroublesComments)
2016-11-05 15:51:19.856  INFO 10666 --- [    Test worker] s.w.s.m.m.a.RequestMappingHandlerMapping : Mapped "{[/setFeedComment],methods=[POST]}" onto private <T> T com.example.controllers.commentsControllers.CommentsController.insertComment(com.example.entity.comments.FeedComment)
2016-11-05 15:51:19.859  INFO 10666 --- [    Test worker] s.w.s.m.m.a.RequestMappingHandlerMapping : Mapped "{[/eventcomments/getmoreinfo],methods=[GET]}" onto java.lang.Object com.example.controllers.commentsControllers.EventsCommentsController.getLastTen()
2016-11-05 15:51:19.859  INFO 10666 --- [    Test worker] s.w.s.m.m.a.RequestMappingHandlerMapping : Mapped "{[/eventcomments/getall],methods=[GET]}" onto java.util.List<com.example.entity.comments.EventComments> com.example.controllers.commentsControllers.EventsCommentsController.getAll()
2016-11-05 15:51:19.860  INFO 10666 --- [    Test worker] s.w.s.m.m.a.RequestMappingHandlerMapping : Mapped "{[/suggestioncomments/getAll],methods=[GET]}" onto java.util.List<com.example.entity.comments.SuggestionComments> com.example.controllers.commentsControllers.SuggestionsCommentsController.getAll()
2016-11-05 15:51:19.862  INFO 10666 --- [    Test worker] s.w.s.m.m.a.RequestMappingHandlerMapping : Mapped "{[/troublescomments/getall],methods=[GET]}" onto java.util.List<com.example.entity.comments.TroublesComments> com.example.controllers.commentsControllers.TroublesCommentsController.getAll()
2016-11-05 15:51:19.868  INFO 10666 --- [    Test worker] s.w.s.m.m.a.RequestMappingHandlerMapping : Mapped "{[/voluntariescommetns/getall],methods=[GET]}" onto java.util.List<com.example.entity.comments.VoluntariesComments> com.example.controllers.commentsControllers.VoluntariesCommentsController.getAll()
2016-11-05 15:51:19.882  INFO 10666 --- [    Test worker] s.w.s.m.m.a.RequestMappingHandlerMapping : Mapped "{[/events/event],methods=[POST]}" onto com.example.entity.feeds.Event com.example.controllers.feedControllers.EventController.insertEvent(com.example.entity.feeds.Event)
2016-11-05 15:51:19.884  INFO 10666 --- [    Test worker] s.w.s.m.m.a.RequestMappingHandlerMapping : Mapped "{[/events/getbyid/{id}],methods=[GET]}" onto com.example.entity.feeds.Event com.example.controllers.feedControllers.EventController.getEvent(java.lang.Long)
2016-11-05 15:51:19.885  INFO 10666 --- [    Test worker] s.w.s.m.m.a.RequestMappingHandlerMapping : Mapped "{[/events/getbystep/{step}/{step_offset}],methods=[GET]}" onto java.util.List<com.example.entity.feeds.Event> com.example.controllers.feedControllers.EventController.getByStep(int,int)
2016-11-05 15:51:19.885  INFO 10666 --- [    Test worker] s.w.s.m.m.a.RequestMappingHandlerMapping : Mapped "{[/events/delete/{id}],methods=[POST]}" onto public void com.example.controllers.feedControllers.EventController.deleteEvent(java.lang.Long)
2016-11-05 15:51:19.887  INFO 10666 --- [    Test worker] s.w.s.m.m.a.RequestMappingHandlerMapping : Mapped "{[/events/nrfeeds/{user_id}],methods=[GET]}" onto org.json.simple.JSONObject com.example.controllers.feedControllers.EventController.getNumberOfEventsPerUser(java.lang.Long)
2016-11-05 15:51:19.889  INFO 10666 --- [    Test worker] s.w.s.m.m.a.RequestMappingHandlerMapping : Mapped "{[/events/getall],methods=[GET]}" onto java.util.List<com.example.entity.feeds.Event> com.example.controllers.feedControllers.EventController.getAll()
2016-11-05 15:51:19.894  INFO 10666 --- [    Test worker] s.w.s.m.m.a.RequestMappingHandlerMapping : Mapped "{[/get],methods=[GET]}" onto com.example.entity.feeds.Event com.example.controllers.feedControllers.FeedController.getEvents(java.lang.Long)
2016-11-05 15:51:19.896  INFO 10666 --- [    Test worker] s.w.s.m.m.a.RequestMappingHandlerMapping : Mapped "{[/getFeedByTypee],methods=[POST]}" onto <T> java.util.List<T> com.example.controllers.feedControllers.FeedController.getByType(int,long,int,int)
2016-11-05 15:51:19.900  INFO 10666 --- [    Test worker] s.w.s.m.m.a.RequestMappingHandlerMapping : Mapped "{[/getFeedByType4],methods=[POST]}" onto java.util.List<com.example.entity.feeds.Event> com.example.controllers.feedControllers.FeedController.getEVent(long,int,int)
2016-11-05 15:51:19.904  INFO 10666 --- [    Test worker] s.w.s.m.m.a.RequestMappingHandlerMapping : Mapped "{[/getFeedByType3],methods=[POST]}" onto java.util.List<com.example.entity.feeds.Suggestion> com.example.controllers.feedControllers.FeedController.getSugestion(long,int,int)
2016-11-05 15:51:19.916  INFO 10666 --- [    Test worker] s.w.s.m.m.a.RequestMappingHandlerMapping : Mapped "{[/getFeedByType2],methods=[POST]}" onto java.util.List<com.example.entity.feeds.Trouble> com.example.controllers.feedControllers.FeedController.getTroubles(long,int,int)
2016-11-05 15:51:19.919  INFO 10666 --- [    Test worker] s.w.s.m.m.a.RequestMappingHandlerMapping : Mapped "{[/getFeedByType1],methods=[POST]}" onto java.util.List<com.example.entity.feeds.Voluntaries> com.example.controllers.feedControllers.FeedController.getVoluntaries(java.lang.Long,int,int)
2016-11-05 15:51:19.921  INFO 10666 --- [    Test worker] s.w.s.m.m.a.RequestMappingHandlerMapping : Mapped "{[/feeds/postFeed1],methods=[POST]}" onto com.example.entity.feeds.Voluntaries com.example.controllers.feedControllers.FeedController.insertVountary(com.example.entity.feeds.Voluntaries) throws java.io.IOException
2016-11-05 15:51:19.923  INFO 10666 --- [    Test worker] s.w.s.m.m.a.RequestMappingHandlerMapping : Mapped "{[/feeds/postFeed2],methods=[POST]}" onto com.example.entity.feeds.Trouble com.example.controllers.feedControllers.FeedController.insertTrouble(com.example.entity.feeds.Trouble) throws java.io.IOException
2016-11-05 15:51:19.924  INFO 10666 --- [    Test worker] s.w.s.m.m.a.RequestMappingHandlerMapping : Mapped "{[/feeds/postFeed3],methods=[POST]}" onto com.example.entity.feeds.Suggestion com.example.controllers.feedControllers.FeedController.insertSuggestion(com.example.entity.feeds.Suggestion) throws java.io.IOException
2016-11-05 15:51:19.927  INFO 10666 --- [    Test worker] s.w.s.m.m.a.RequestMappingHandlerMapping : Mapped "{[/feeds/postFeed4],methods=[POST]}" onto com.example.entity.feeds.Event com.example.controllers.feedControllers.FeedController.insertEvent(com.example.entity.feeds.Event) throws java.lang.Exception
2016-11-05 15:51:19.928  INFO 10666 --- [    Test worker] s.w.s.m.m.a.RequestMappingHandlerMapping : Mapped "{[/getAll],methods=[GET]}" onto java.lang.Object com.example.controllers.feedControllers.FeedController.getAll()
2016-11-05 15:51:19.931  INFO 10666 --- [    Test worker] s.w.s.m.m.a.RequestMappingHandlerMapping : Mapped "{[/suggestions/delete/{id}],methods=[POST]}" onto public void com.example.controllers.feedControllers.SuggestionController.deleteSuggestion(java.lang.Long)
2016-11-05 15:51:19.934  INFO 10666 --- [    Test worker] s.w.s.m.m.a.RequestMappingHandlerMapping : Mapped "{[/suggestions/getbyid/{id}],methods=[GET]}" onto com.example.entity.feeds.Suggestion com.example.controllers.feedControllers.SuggestionController.getOne(java.lang.Long)
2016-11-05 15:51:19.937  INFO 10666 --- [    Test worker] s.w.s.m.m.a.RequestMappingHandlerMapping : Mapped "{[/suggestions/getall],methods=[GET]}" onto java.util.List<com.example.entity.feeds.Suggestion> com.example.controllers.feedControllers.SuggestionController.getAll()
2016-11-05 15:51:19.939  INFO 10666 --- [    Test worker] s.w.s.m.m.a.RequestMappingHandlerMapping : Mapped "{[/suggestions/suggestion],methods=[POST]}" onto com.example.entity.feeds.Suggestion com.example.controllers.feedControllers.SuggestionController.insert(com.example.entity.feeds.Suggestion)
2016-11-05 15:51:19.945  INFO 10666 --- [    Test worker] s.w.s.m.m.a.RequestMappingHandlerMapping : Mapped "{[/troubles/getbyid/{id}],methods=[GET]}" onto com.example.entity.feeds.Trouble com.example.controllers.feedControllers.TroubleController.getById(java.lang.Long)
2016-11-05 15:51:19.948  INFO 10666 --- [    Test worker] s.w.s.m.m.a.RequestMappingHandlerMapping : Mapped "{[/troubles/delete/{id}],methods=[POST]}" onto public void com.example.controllers.feedControllers.TroubleController.deleteTrounble(java.lang.Long)
2016-11-05 15:51:19.952  INFO 10666 --- [    Test worker] s.w.s.m.m.a.RequestMappingHandlerMapping : Mapped "{[/troubles/getall],methods=[GET]}" onto java.util.List<com.example.entity.feeds.Trouble> com.example.controllers.feedControllers.TroubleController.getAll()
2016-11-05 15:51:19.953  INFO 10666 --- [    Test worker] s.w.s.m.m.a.RequestMappingHandlerMapping : Mapped "{[/troubles/trouble],methods=[POST]}" onto com.example.entity.feeds.Trouble com.example.controllers.feedControllers.TroubleController.insert(com.example.entity.feeds.Trouble)
2016-11-05 15:51:19.961  INFO 10666 --- [    Test worker] s.w.s.m.m.a.RequestMappingHandlerMapping : Mapped "{[/voluntaries/findone/{id}],methods=[GET]}" onto com.example.entity.feeds.Voluntaries com.example.controllers.feedControllers.VoluntariesController.getVoluntary(java.lang.Long)
2016-11-05 15:51:19.963  INFO 10666 --- [    Test worker] s.w.s.m.m.a.RequestMappingHandlerMapping : Mapped "{[/voluntaries/voluntary],methods=[POST]}" onto public com.example.entity.feeds.Voluntaries com.example.controllers.feedControllers.VoluntariesController.createVoluntary(com.example.entity.feeds.Voluntaries)
2016-11-05 15:51:19.964  INFO 10666 --- [    Test worker] s.w.s.m.m.a.RequestMappingHandlerMapping : Mapped "{[/voluntaries/delete/{id}],methods=[POST]}" onto public void com.example.controllers.feedControllers.VoluntariesController.deleteVoluntary(java.lang.Long)
2016-11-05 15:51:19.965  INFO 10666 --- [    Test worker] s.w.s.m.m.a.RequestMappingHandlerMapping : Mapped "{[/voluntaries/getAll],methods=[GET]}" onto java.util.List<com.example.entity.feeds.Voluntaries> com.example.controllers.feedControllers.VoluntariesController.getAll()
2016-11-05 15:51:19.966  INFO 10666 --- [    Test worker] s.w.s.m.m.a.RequestMappingHandlerMapping : Mapped "{[/upload1],methods=[POST]}" onto org.json.simple.JSONObject com.example.controllers.upload.FileUploadController.uploadFileHandler(org.springframework.web.multipart.MultipartFile)
2016-11-05 15:51:19.968  INFO 10666 --- [    Test worker] s.w.s.m.m.a.RequestMappingHandlerMapping : Mapped "{[/upload],methods=[POST]}" onto public org.json.simple.JSONArray com.example.controllers.upload.FileUploadController.uploadMultipleFileHandler(org.springframework.web.multipart.MultipartFile[])
2016-11-05 15:51:19.969  INFO 10666 --- [    Test worker] s.w.s.m.m.a.RequestMappingHandlerMapping : Mapped "{[/getPhoto/{name}/],methods=[GET]}" onto public void com.example.controllers.upload.MediaGetter.getImage(javax.servlet.http.HttpServletResponse,java.lang.String) throws java.lang.Exception
2016-11-05 15:51:19.970  INFO 10666 --- [    Test worker] s.w.s.m.m.a.RequestMappingHandlerMapping : Mapped "{[/getVideo/{name}/],methods=[GET]}" onto public void com.example.controllers.upload.MediaGetter.getVideo(javax.servlet.http.HttpServletRequest,javax.servlet.http.HttpServletResponse,java.lang.String) throws java.lang.Exception
2016-11-05 15:51:19.973  INFO 10666 --- [    Test worker] s.w.s.m.m.a.RequestMappingHandlerMapping : Mapped "{[/users/getbyid/{id}],methods=[GET]}" onto com.example.entity.user.Profile com.example.controllers.userController.ProfileController.getOne(java.lang.Long)
2016-11-05 15:51:19.974  INFO 10666 --- [    Test worker] s.w.s.m.m.a.RequestMappingHandlerMapping : Mapped "{[/users/delete/{id}],methods=[POST]}" onto public void com.example.controllers.userController.ProfileController.deleteProfile(java.lang.Long)
2016-11-05 15:51:19.975  INFO 10666 --- [    Test worker] s.w.s.m.m.a.RequestMappingHandlerMapping : Mapped "{[/users/getall],methods=[GET]}" onto java.util.List<com.example.entity.user.Profile> com.example.controllers.userController.ProfileController.getAll()
2016-11-05 15:51:19.978  INFO 10666 --- [    Test worker] s.w.s.m.m.a.RequestMappingHandlerMapping : Mapped "{[/users/profile],methods=[POST]}" onto com.example.entity.user.Profile com.example.controllers.userController.ProfileController.insert(com.example.entity.user.Profile)
2016-11-05 15:51:19.980  INFO 10666 --- [    Test worker] s.w.s.m.m.a.RequestMappingHandlerMapping : Mapped "{[/setCitySetting],methods=[POST]}" onto java.lang.String com.example.controllers.userController.SettingsController.insertSettings(com.example.dto.PlaceInfo,java.lang.Long)
2016-11-05 15:51:19.984  INFO 10666 --- [    Test worker] s.w.s.m.m.a.RequestMappingHandlerMapping : Mapped "{[/getCitySettings],methods=[POST]}" onto java.lang.String com.example.controllers.userController.SettingsController.getSettings(java.lang.Long)
2016-11-05 15:51:19.984  INFO 10666 --- [    Test worker] s.w.s.m.m.a.RequestMappingHandlerMapping : Mapped "{[/deleteCitySetting],methods=[POST]}" onto java.lang.String com.example.controllers.userController.SettingsController.deleteSettings(java.lang.String,java.lang.Long)
2016-11-05 15:51:19.985  INFO 10666 --- [    Test worker] s.w.s.m.m.a.RequestMappingHandlerMapping : Mapped "{[/vote],methods=[POST]}" onto <T> T com.example.controllers.voteControllers.VoteController.voteSomething(long,long,int,int)
2016-11-05 15:51:20.007  INFO 10666 --- [    Test worker] s.w.s.m.m.a.RequestMappingHandlerMapping : Mapped "{[/vote_event/getbyid/{id}],methods=[GET]}" onto com.example.entity.votes.VoteEvent com.example.controllers.voteControllers.VoteEventController.getById(java.lang.Long)
2016-11-05 15:51:20.008  INFO 10666 --- [    Test worker] s.w.s.m.m.a.RequestMappingHandlerMapping : Mapped "{[/vote_event/getlikes/{feed_id}],methods=[GET]}" onto org.json.simple.JSONObject com.example.controllers.voteControllers.VoteEventController.getLikes(java.lang.Long)
2016-11-05 15:51:20.008  INFO 10666 --- [    Test worker] s.w.s.m.m.a.RequestMappingHandlerMapping : Mapped "{[/vote_event/getJoined/{feed_id}],methods=[GET]}" onto org.json.simple.JSONObject com.example.controllers.voteControllers.VoteEventController.getJoins(java.lang.Long)
2016-11-05 15:51:20.008  INFO 10666 --- [    Test worker] s.w.s.m.m.a.RequestMappingHandlerMapping : Mapped "{[/vote_event/insertVote],methods=[POST]}" onto com.example.entity.votes.VoteEvent com.example.controllers.voteControllers.VoteEventController.insertVote(com.example.entity.votes.VoteEvent)
2016-11-05 15:51:20.009  INFO 10666 --- [    Test worker] s.w.s.m.m.a.RequestMappingHandlerMapping : Mapped "{[/vote_event/getAll],methods=[GET]}" onto java.util.List<com.example.entity.votes.VoteEvent> com.example.controllers.voteControllers.VoteEventController.getAll()
2016-11-05 15:51:20.009  INFO 10666 --- [    Test worker] s.w.s.m.m.a.RequestMappingHandlerMapping : Mapped "{[/vote_event/delete/{id}],methods=[POST]}" onto public void com.example.controllers.voteControllers.VoteEventController.delete(java.lang.Long)
2016-11-05 15:51:20.012  INFO 10666 --- [    Test worker] s.w.s.m.m.a.RequestMappingHandlerMapping : Mapped "{[/vote_suggestion/getbyid/{id}],methods=[GET]}" onto com.example.entity.votes.VoteSuggestion com.example.controllers.voteControllers.VoteSuggestionController.getById(java.lang.Long)
2016-11-05 15:51:20.012  INFO 10666 --- [    Test worker] s.w.s.m.m.a.RequestMappingHandlerMapping : Mapped "{[/vote_suggestion/getlikes/{feed_id}],methods=[GET]}" onto org.json.simple.JSONObject com.example.controllers.voteControllers.VoteSuggestionController.getLikes(java.lang.Long)
2016-11-05 15:51:20.012  INFO 10666 --- [    Test worker] s.w.s.m.m.a.RequestMappingHandlerMapping : Mapped "{[/vote_suggestion/getJoined/{feed_id}],methods=[GET]}" onto org.json.simple.JSONObject com.example.controllers.voteControllers.VoteSuggestionController.getJoins(java.lang.Long)
2016-11-05 15:51:20.013  INFO 10666 --- [    Test worker] s.w.s.m.m.a.RequestMappingHandlerMapping : Mapped "{[/vote_suggestion/insertVote],methods=[POST]}" onto com.example.entity.votes.VoteSuggestion com.example.controllers.voteControllers.VoteSuggestionController.insertVote(com.example.entity.votes.VoteSuggestion)
2016-11-05 15:51:20.015  INFO 10666 --- [    Test worker] s.w.s.m.m.a.RequestMappingHandlerMapping : Mapped "{[/vote_suggestion/getAll],methods=[GET]}" onto java.util.List<com.example.entity.votes.VoteSuggestion> com.example.controllers.voteControllers.VoteSuggestionController.getAll()
2016-11-05 15:51:20.016  INFO 10666 --- [    Test worker] s.w.s.m.m.a.RequestMappingHandlerMapping : Mapped "{[/vote_suggestion/delete/{id}],methods=[POST]}" onto public void com.example.controllers.voteControllers.VoteSuggestionController.delete(java.lang.Long)
2016-11-05 15:51:20.022  INFO 10666 --- [    Test worker] s.w.s.m.m.a.RequestMappingHandlerMapping : Mapped "{[/vote_trouble/getbyid/{id}],methods=[GET]}" onto com.example.entity.votes.VoteTrouble com.example.controllers.voteControllers.VoteTroubleController.getById(java.lang.Long)
2016-11-05 15:51:20.023  INFO 10666 --- [    Test worker] s.w.s.m.m.a.RequestMappingHandlerMapping : Mapped "{[/vote_trouble/getlikes/{feed_id}],methods=[GET]}" onto org.json.simple.JSONObject com.example.controllers.voteControllers.VoteTroubleController.getLikes(java.lang.Long)
2016-11-05 15:51:20.025  INFO 10666 --- [    Test worker] s.w.s.m.m.a.RequestMappingHandlerMapping : Mapped "{[/vote_trouble/getJoined/{feed_id}],methods=[GET]}" onto org.json.simple.JSONObject com.example.controllers.voteControllers.VoteTroubleController.getJoins(java.lang.Long)
2016-11-05 15:51:20.025  INFO 10666 --- [    Test worker] s.w.s.m.m.a.RequestMappingHandlerMapping : Mapped "{[/vote_trouble/insertVote],methods=[POST]}" onto com.example.entity.votes.VoteTrouble com.example.controllers.voteControllers.VoteTroubleController.insertVote(com.example.entity.votes.VoteTrouble)
2016-11-05 15:51:20.027  INFO 10666 --- [    Test worker] s.w.s.m.m.a.RequestMappingHandlerMapping : Mapped "{[/vote_trouble/getAll],methods=[GET]}" onto java.util.List<com.example.entity.votes.VoteTrouble> com.example.controllers.voteControllers.VoteTroubleController.getAll()
2016-11-05 15:51:20.028  INFO 10666 --- [    Test worker] s.w.s.m.m.a.RequestMappingHandlerMapping : Mapped "{[/vote_trouble/delete/{id}],methods=[POST]}" onto public void com.example.controllers.voteControllers.VoteTroubleController.delete(java.lang.Long)
2016-11-05 15:51:20.033  INFO 10666 --- [    Test worker] s.w.s.m.m.a.RequestMappingHandlerMapping : Mapped "{[/vote_voluntary/getbyid/{id}],methods=[GET]}" onto com.example.entity.votes.VoteVoluntarie com.example.controllers.voteControllers.VoteVoluntaryController.getById(java.lang.Long)
2016-11-05 15:51:20.035  INFO 10666 --- [    Test worker] s.w.s.m.m.a.RequestMappingHandlerMapping : Mapped "{[/vote_voluntary/getJoined/{feed_id}],methods=[GET]}" onto org.json.simple.JSONObject com.example.controllers.voteControllers.VoteVoluntaryController.getJoins(java.lang.Long)
2016-11-05 15:51:20.036  INFO 10666 --- [    Test worker] s.w.s.m.m.a.RequestMappingHandlerMapping : Mapped "{[/vote_voluntary/insertVote],methods=[POST]}" onto com.example.entity.votes.VoteVoluntarie com.example.controllers.voteControllers.VoteVoluntaryController.insertVote(com.example.entity.votes.VoteVoluntarie)
2016-11-05 15:51:20.036  INFO 10666 --- [    Test worker] s.w.s.m.m.a.RequestMappingHandlerMapping : Mapped "{[/vote_voluntary/getAll],methods=[GET]}" onto java.util.List<com.example.entity.votes.VoteVoluntarie> com.example.controllers.voteControllers.VoteVoluntaryController.getAll()
2016-11-05 15:51:20.037  INFO 10666 --- [    Test worker] s.w.s.m.m.a.RequestMappingHandlerMapping : Mapped "{[/vote_voluntary/delete/{id}],methods=[POST]}" onto public void com.example.controllers.voteControllers.VoteVoluntaryController.delete(java.lang.Long)
2016-11-05 15:51:20.052  INFO 10666 --- [    Test worker] s.w.s.m.m.a.RequestMappingHandlerMapping : Mapped "{[/error],produces=[text/html]}" onto public org.springframework.web.servlet.ModelAndView org.springframework.boot.autoconfigure.web.BasicErrorController.errorHtml(javax.servlet.http.HttpServletRequest,javax.servlet.http.HttpServletResponse)
2016-11-05 15:51:20.053  INFO 10666 --- [    Test worker] s.w.s.m.m.a.RequestMappingHandlerMapping : Mapped "{[/error]}" onto public org.springframework.http.ResponseEntity<java.util.Map<java.lang.String, java.lang.Object>> org.springframework.boot.autoconfigure.web.BasicErrorController.error(javax.servlet.http.HttpServletRequest)
2016-11-05 15:51:20.496  INFO 10666 --- [    Test worker] s.w.s.m.m.a.RequestMappingHandlerAdapter : Looking for @ControllerAdvice: org.springframework.web.context.support.GenericWebApplicationContext@316325e7: startup date [Sat Nov 05 15:51:12 EET 2016]; root of context hierarchy
2016-11-05 15:51:21.584  WARN 10666 --- [    Test worker] .t.AbstractTemplateResolverConfiguration : Cannot find template location: classpath:/templates/ (please add some templates or check your Thymeleaf configuration)
2016-11-05 15:51:21.925  INFO 10666 --- [    Test worker] com.example.ExampleApplicationTests      : Started ExampleApplicationTests in 10.39 seconds (JVM running for 11.883)
]]></system-out>
  <system-err><![CDATA[]]></system-err>
</testsuite>
