<?xml version="1.0" encoding="UTF-8"?>
<testsuite name="com.example.ExampleApplicationTests" tests="1" skipped="0" failures="0" errors="0" timestamp="2016-10-25T15:50:21" hostname="freem-SATELLITE-C55-A-1H1" time="0.027">
  <properties/>
  <testcase name="contextLoads" classname="com.example.ExampleApplicationTests" time="0.027"/>
  <system-out><![CDATA[18:50:10.671 [Test worker] DEBUG org.springframework.test.context.junit4.SpringJUnit4ClassRunner - SpringJUnit4ClassRunner constructor called with [class com.example.ExampleApplicationTests]
18:50:10.678 [Test worker] DEBUG org.springframework.test.context.BootstrapUtils - Instantiating CacheAwareContextLoaderDelegate from class [org.springframework.test.context.cache.DefaultCacheAwareContextLoaderDelegate]
18:50:10.690 [Test worker] DEBUG org.springframework.test.context.BootstrapUtils - Instantiating BootstrapContext using constructor [public org.springframework.test.context.support.DefaultBootstrapContext(java.lang.Class,org.springframework.test.context.CacheAwareContextLoaderDelegate)]
18:50:10.715 [Test worker] DEBUG org.springframework.test.context.BootstrapUtils - Instantiating TestContextBootstrapper for test class [com.example.ExampleApplicationTests] from class [org.springframework.test.context.web.WebTestContextBootstrapper]
18:50:10.801 [Test worker] DEBUG org.springframework.test.context.web.WebTestContextBootstrapper - Found explicit ContextLoader class [org.springframework.boot.test.SpringApplicationContextLoader] for context configuration attributes [ContextConfigurationAttributes@4e26f081 declaringClass = 'com.example.ExampleApplicationTests', classes = '{class com.example.ExampleApplication}', locations = '{}', inheritLocations = true, initializers = '{}', inheritInitializers = true, name = [null], contextLoaderClass = 'org.springframework.boot.test.SpringApplicationContextLoader']
18:50:10.844 [Test worker] DEBUG org.springframework.test.context.support.AbstractContextLoader - Did not detect default resource location for test class [com.example.ExampleApplicationTests]: class path resource [com/example/ExampleApplicationTests-context.xml] does not exist
18:50:10.845 [Test worker] DEBUG org.springframework.test.context.support.AbstractContextLoader - Did not detect default resource location for test class [com.example.ExampleApplicationTests]: class path resource [com/example/ExampleApplicationTestsContext.groovy] does not exist
18:50:10.845 [Test worker] INFO org.springframework.test.context.support.AbstractContextLoader - Could not detect default resource locations for test class [com.example.ExampleApplicationTests]: no resource found for suffixes {-context.xml, Context.groovy}.
18:50:10.995 [Test worker] DEBUG org.springframework.test.context.support.ActiveProfilesUtils - Could not find an 'annotation declaring class' for annotation type [org.springframework.test.context.ActiveProfiles] and class [com.example.ExampleApplicationTests]
18:50:11.007 [Test worker] DEBUG org.springframework.test.context.web.WebTestContextBootstrapper - @TestExecutionListeners is not present for class [com.example.ExampleApplicationTests]: using defaults.
18:50:11.015 [Test worker] INFO org.springframework.test.context.web.WebTestContextBootstrapper - Loaded default TestExecutionListener class names from location [META-INF/spring.factories]: [org.springframework.boot.test.mock.mockito.MockitoTestExecutionListener, org.springframework.boot.test.mock.mockito.ResetMocksTestExecutionListener, org.springframework.boot.test.autoconfigure.restdocs.RestDocsTestExecutionListener, org.springframework.boot.test.autoconfigure.web.client.MockRestServiceServerResetTestExecutionListener, org.springframework.boot.test.autoconfigure.web.servlet.MockMvcPrintOnlyOnFailureTestExecutionListener, org.springframework.boot.test.autoconfigure.web.servlet.WebDriverTestExecutionListener, org.springframework.test.context.web.ServletTestExecutionListener, org.springframework.test.context.support.DirtiesContextBeforeModesTestExecutionListener, org.springframework.test.context.support.DependencyInjectionTestExecutionListener, org.springframework.test.context.support.DirtiesContextTestExecutionListener, org.springframework.test.context.transaction.TransactionalTestExecutionListener, org.springframework.test.context.jdbc.SqlScriptsTestExecutionListener]
18:50:11.054 [Test worker] INFO org.springframework.test.context.web.WebTestContextBootstrapper - Using TestExecutionListeners: [org.springframework.test.context.web.ServletTestExecutionListener@559e2cc3, org.springframework.test.context.support.DirtiesContextBeforeModesTestExecutionListener@28cec27b, org.springframework.test.context.support.DependencyInjectionTestExecutionListener@4633227f, org.springframework.test.context.support.DirtiesContextTestExecutionListener@1a48643, org.springframework.test.context.transaction.TransactionalTestExecutionListener@25f84a80, org.springframework.test.context.jdbc.SqlScriptsTestExecutionListener@7b7b995e, org.springframework.boot.test.autoconfigure.web.servlet.MockMvcPrintOnlyOnFailureTestExecutionListener@24047c94, org.springframework.boot.test.mock.mockito.ResetMocksTestExecutionListener@1b760c9, org.springframework.boot.test.mock.mockito.MockitoTestExecutionListener@667c9635, org.springframework.boot.test.autoconfigure.web.servlet.WebDriverTestExecutionListener@41ea52cd, org.springframework.boot.test.autoconfigure.restdocs.RestDocsTestExecutionListener@468d76b8, org.springframework.boot.test.autoconfigure.web.client.MockRestServiceServerResetTestExecutionListener@7c06e788]
18:50:11.064 [Test worker] DEBUG org.springframework.test.annotation.ProfileValueUtils - Retrieved @ProfileValueSourceConfiguration [null] for test class [com.example.ExampleApplicationTests]
18:50:11.065 [Test worker] DEBUG org.springframework.test.annotation.ProfileValueUtils - Retrieved ProfileValueSource type [class org.springframework.test.annotation.SystemProfileValueSource] for class [com.example.ExampleApplicationTests]
18:50:11.067 [Test worker] DEBUG org.springframework.test.annotation.ProfileValueUtils - Retrieved @ProfileValueSourceConfiguration [null] for test class [com.example.ExampleApplicationTests]
18:50:11.067 [Test worker] DEBUG org.springframework.test.annotation.ProfileValueUtils - Retrieved ProfileValueSource type [class org.springframework.test.annotation.SystemProfileValueSource] for class [com.example.ExampleApplicationTests]
18:50:11.072 [Test worker] DEBUG org.springframework.test.context.support.AbstractDirtiesContextTestExecutionListener - Before test class: context [DefaultTestContext@4ac9bb1d testClass = ExampleApplicationTests, testInstance = [null], testMethod = [null], testException = [null], mergedContextConfiguration = [WebMergedContextConfiguration@4153a1c7 testClass = ExampleApplicationTests, locations = '{}', classes = '{class com.example.ExampleApplication}', contextInitializerClasses = '[]', activeProfiles = '{}', propertySourceLocations = '{}', propertySourceProperties = '{}', contextCustomizers = set[org.springframework.boot.test.context.filter.ExcludeFilterContextCustomizer@527bbe30, org.springframework.boot.test.mock.mockito.MockitoContextCustomizer@0, org.springframework.boot.test.autoconfigure.properties.PropertyMappingContextCustomizer@0, org.springframework.boot.test.autoconfigure.web.servlet.WebDriverContextCustomizerFactory$Customizer@4905141a, org.springframework.test.context.web.socket.MockServerContainerContextCustomizer@453400a8], resourceBasePath = 'src/main/webapp', contextLoader = 'org.springframework.boot.test.SpringApplicationContextLoader', parent = [null]]], class annotated with @DirtiesContext [false] with mode [null].
18:50:11.074 [Test worker] DEBUG org.springframework.test.annotation.ProfileValueUtils - Retrieved @ProfileValueSourceConfiguration [null] for test class [com.example.ExampleApplicationTests]
18:50:11.074 [Test worker] DEBUG org.springframework.test.annotation.ProfileValueUtils - Retrieved ProfileValueSource type [class org.springframework.test.annotation.SystemProfileValueSource] for class [com.example.ExampleApplicationTests]
18:50:11.194 [Test worker] DEBUG org.springframework.core.env.StandardEnvironment - Adding [systemProperties] PropertySource with lowest search precedence
18:50:11.195 [Test worker] DEBUG org.springframework.core.env.StandardEnvironment - Adding [systemEnvironment] PropertySource with lowest search precedence
18:50:11.196 [Test worker] DEBUG org.springframework.core.env.StandardEnvironment - Initialized StandardEnvironment with PropertySources [systemProperties,systemEnvironment]
18:50:11.198 [Test worker] DEBUG org.springframework.core.env.StandardEnvironment - Adding [integrationTest] PropertySource with search precedence immediately lower than [systemEnvironment]

  .   ____          _            __ _ _
 /\\ / ___'_ __ _ _(_)_ __  __ _ \ \ \ \
( ( )\___ | '_ | '_| | '_ \/ _` | \ \ \ \
 \\/  ___)| |_)| | | | | || (_| |  ) ) ) )
  '  |____| .__|_| |_|_| |_\__, | / / / /
 =========|_|==============|___/=/_/_/_/
 :: Spring Boot ::        (v1.4.1.RELEASE)

2016-10-25 18:50:12.198  INFO 24281 --- [    Test worker] com.example.ExampleApplicationTests      : Starting ExampleApplicationTests on freem-SATELLITE-C55-A-1H1 with PID 24281 (started by freem in /home/freem/IdeaProjects/spring-cat)
2016-10-25 18:50:12.201  INFO 24281 --- [    Test worker] com.example.ExampleApplicationTests      : No active profile set, falling back to default profiles: default
2016-10-25 18:50:12.839  INFO 24281 --- [    Test worker] o.s.w.c.s.GenericWebApplicationContext   : Refreshing org.springframework.web.context.support.GenericWebApplicationContext@3c265f5e: startup date [Tue Oct 25 18:50:12 EEST 2016]; root of context hierarchy
2016-10-25 18:50:14.958  INFO 24281 --- [    Test worker] f.a.AutowiredAnnotationBeanPostProcessor : JSR-330 'javax.inject.Inject' annotation found and supported for autowiring
2016-10-25 18:50:15.129  INFO 24281 --- [    Test worker] trationDelegate$BeanPostProcessorChecker : Bean 'org.springframework.transaction.annotation.ProxyTransactionManagementConfiguration' of type [class org.springframework.transaction.annotation.ProxyTransactionManagementConfiguration$$EnhancerBySpringCGLIB$$b46b29d3] is not eligible for getting processed by all BeanPostProcessors (for example: not eligible for auto-proxying)
2016-10-25 18:50:15.904  INFO 24281 --- [    Test worker] j.LocalContainerEntityManagerFactoryBean : Building JPA container EntityManagerFactory for persistence unit 'default'
2016-10-25 18:50:15.932  INFO 24281 --- [    Test worker] o.hibernate.jpa.internal.util.LogHelper  : HHH000204: Processing PersistenceUnitInfo [
	name: default
	...]
2016-10-25 18:50:16.033  INFO 24281 --- [    Test worker] org.hibernate.Version                    : HHH000412: Hibernate Core {5.0.11.Final}
2016-10-25 18:50:16.036  INFO 24281 --- [    Test worker] org.hibernate.cfg.Environment            : HHH000206: hibernate.properties not found
2016-10-25 18:50:16.038  INFO 24281 --- [    Test worker] org.hibernate.cfg.Environment            : HHH000021: Bytecode provider name : javassist
2016-10-25 18:50:16.105  INFO 24281 --- [    Test worker] o.hibernate.annotations.common.Version   : HCANN000001: Hibernate Commons Annotations {5.0.1.Final}
2016-10-25 18:50:16.680  INFO 24281 --- [    Test worker] org.hibernate.dialect.Dialect            : HHH000400: Using dialect: org.hibernate.dialect.PostgreSQLDialect
2016-10-25 18:50:16.878  INFO 24281 --- [    Test worker] o.h.e.j.e.i.LobCreatorBuilderImpl        : HHH000424: Disabling contextual LOB creation as createClob() method threw error : java.lang.reflect.InvocationTargetException
2016-10-25 18:50:16.880  INFO 24281 --- [    Test worker] org.hibernate.type.BasicTypeRegistry     : HHH000270: Type registration [java.util.UUID] overrides previous : org.hibernate.type.UUIDBinaryType@72cdc2ab
2016-10-25 18:50:17.107  WARN 24281 --- [    Test worker] org.hibernate.orm.deprecation            : HHH90000014: Found use of deprecated [org.hibernate.id.SequenceGenerator] sequence-based id generator; use org.hibernate.id.enhanced.SequenceStyleGenerator instead.  See Hibernate Domain Model Mapping Guide for details.
2016-10-25 18:50:17.110  WARN 24281 --- [    Test worker] org.hibernate.orm.deprecation            : HHH90000014: Found use of deprecated [org.hibernate.id.SequenceGenerator] sequence-based id generator; use org.hibernate.id.enhanced.SequenceStyleGenerator instead.  See Hibernate Domain Model Mapping Guide for details.
2016-10-25 18:50:17.110  WARN 24281 --- [    Test worker] org.hibernate.orm.deprecation            : HHH90000014: Found use of deprecated [org.hibernate.id.SequenceGenerator] sequence-based id generator; use org.hibernate.id.enhanced.SequenceStyleGenerator instead.  See Hibernate Domain Model Mapping Guide for details.
2016-10-25 18:50:17.110  WARN 24281 --- [    Test worker] org.hibernate.orm.deprecation            : HHH90000014: Found use of deprecated [org.hibernate.id.SequenceGenerator] sequence-based id generator; use org.hibernate.id.enhanced.SequenceStyleGenerator instead.  See Hibernate Domain Model Mapping Guide for details.
2016-10-25 18:50:17.111  WARN 24281 --- [    Test worker] org.hibernate.orm.deprecation            : HHH90000014: Found use of deprecated [org.hibernate.id.SequenceGenerator] sequence-based id generator; use org.hibernate.id.enhanced.SequenceStyleGenerator instead.  See Hibernate Domain Model Mapping Guide for details.
2016-10-25 18:50:17.111  WARN 24281 --- [    Test worker] org.hibernate.orm.deprecation            : HHH90000014: Found use of deprecated [org.hibernate.id.SequenceGenerator] sequence-based id generator; use org.hibernate.id.enhanced.SequenceStyleGenerator instead.  See Hibernate Domain Model Mapping Guide for details.
2016-10-25 18:50:17.111  WARN 24281 --- [    Test worker] org.hibernate.orm.deprecation            : HHH90000014: Found use of deprecated [org.hibernate.id.SequenceGenerator] sequence-based id generator; use org.hibernate.id.enhanced.SequenceStyleGenerator instead.  See Hibernate Domain Model Mapping Guide for details.
2016-10-25 18:50:17.112  WARN 24281 --- [    Test worker] org.hibernate.orm.deprecation            : HHH90000014: Found use of deprecated [org.hibernate.id.SequenceGenerator] sequence-based id generator; use org.hibernate.id.enhanced.SequenceStyleGenerator instead.  See Hibernate Domain Model Mapping Guide for details.
2016-10-25 18:50:17.113  WARN 24281 --- [    Test worker] org.hibernate.orm.deprecation            : HHH90000014: Found use of deprecated [org.hibernate.id.SequenceGenerator] sequence-based id generator; use org.hibernate.id.enhanced.SequenceStyleGenerator instead.  See Hibernate Domain Model Mapping Guide for details.
2016-10-25 18:50:17.114  WARN 24281 --- [    Test worker] org.hibernate.orm.deprecation            : HHH90000014: Found use of deprecated [org.hibernate.id.SequenceGenerator] sequence-based id generator; use org.hibernate.id.enhanced.SequenceStyleGenerator instead.  See Hibernate Domain Model Mapping Guide for details.
2016-10-25 18:50:17.114  WARN 24281 --- [    Test worker] org.hibernate.orm.deprecation            : HHH90000014: Found use of deprecated [org.hibernate.id.SequenceGenerator] sequence-based id generator; use org.hibernate.id.enhanced.SequenceStyleGenerator instead.  See Hibernate Domain Model Mapping Guide for details.
2016-10-25 18:50:17.114  WARN 24281 --- [    Test worker] org.hibernate.orm.deprecation            : HHH90000014: Found use of deprecated [org.hibernate.id.SequenceGenerator] sequence-based id generator; use org.hibernate.id.enhanced.SequenceStyleGenerator instead.  See Hibernate Domain Model Mapping Guide for details.
2016-10-25 18:50:17.115  WARN 24281 --- [    Test worker] org.hibernate.orm.deprecation            : HHH90000014: Found use of deprecated [org.hibernate.id.SequenceGenerator] sequence-based id generator; use org.hibernate.id.enhanced.SequenceStyleGenerator instead.  See Hibernate Domain Model Mapping Guide for details.
2016-10-25 18:50:17.115  WARN 24281 --- [    Test worker] org.hibernate.orm.deprecation            : HHH90000014: Found use of deprecated [org.hibernate.id.SequenceGenerator] sequence-based id generator; use org.hibernate.id.enhanced.SequenceStyleGenerator instead.  See Hibernate Domain Model Mapping Guide for details.
2016-10-25 18:50:17.606  INFO 24281 --- [    Test worker] org.hibernate.tool.hbm2ddl.SchemaUpdate  : HHH000228: Running hbm2ddl schema update
2016-10-25 18:50:18.182  INFO 24281 --- [    Test worker] j.LocalContainerEntityManagerFactoryBean : Initialized JPA EntityManagerFactory for persistence unit 'default'
2016-10-25 18:50:19.207  INFO 24281 --- [    Test worker] s.w.s.m.m.a.RequestMappingHandlerMapping : Mapped "{[/comments/savecomment3],methods=[POST]}" onto com.example.entity.comments.SuggestionComments com.example.controllers.commentsControllers.CommentsController.saveComment(com.example.entity.comments.SuggestionComments)
2016-10-25 18:50:19.209  INFO 24281 --- [    Test worker] s.w.s.m.m.a.RequestMappingHandlerMapping : Mapped "{[/comments/savecomment4],methods=[POST]}" onto com.example.entity.comments.EventComments com.example.controllers.commentsControllers.CommentsController.saveComment(com.example.entity.comments.EventComments)
2016-10-25 18:50:19.209  INFO 24281 --- [    Test worker] s.w.s.m.m.a.RequestMappingHandlerMapping : Mapped "{[/comments/savecomment1],methods=[POST]}" onto com.example.entity.comments.VoluntariesComments com.example.controllers.commentsControllers.CommentsController.saveComment(com.example.entity.comments.VoluntariesComments)
2016-10-25 18:50:19.209  INFO 24281 --- [    Test worker] s.w.s.m.m.a.RequestMappingHandlerMapping : Mapped "{[/comments/savecomment2],methods=[POST]}" onto com.example.entity.comments.TroublesComments com.example.controllers.commentsControllers.CommentsController.saveComment(com.example.entity.comments.TroublesComments)
2016-10-25 18:50:19.210  INFO 24281 --- [    Test worker] s.w.s.m.m.a.RequestMappingHandlerMapping : Mapped "{[/comments],methods=[POST]}" onto <T> java.util.List<T> com.example.controllers.commentsControllers.CommentsController.getCommetns(long,int,long,int,int)
2016-10-25 18:50:19.213  INFO 24281 --- [    Test worker] s.w.s.m.m.a.RequestMappingHandlerMapping : Mapped "{[/eventcomments/getmoreinfo],methods=[GET]}" onto java.lang.Object com.example.controllers.commentsControllers.EventsCommentsController.getLastTen()
2016-10-25 18:50:19.214  INFO 24281 --- [    Test worker] s.w.s.m.m.a.RequestMappingHandlerMapping : Mapped "{[/eventcomments/getall],methods=[GET]}" onto java.util.List<com.example.entity.comments.EventComments> com.example.controllers.commentsControllers.EventsCommentsController.getAll()
2016-10-25 18:50:19.215  INFO 24281 --- [    Test worker] s.w.s.m.m.a.RequestMappingHandlerMapping : Mapped "{[/suggestioncomments/getAll],methods=[GET]}" onto java.util.List<com.example.entity.comments.SuggestionComments> com.example.controllers.commentsControllers.SuggestionsCommentsController.getAll()
2016-10-25 18:50:19.217  INFO 24281 --- [    Test worker] s.w.s.m.m.a.RequestMappingHandlerMapping : Mapped "{[/troublescomments/getall],methods=[GET]}" onto java.util.List<com.example.entity.comments.TroublesComments> com.example.controllers.commentsControllers.TroublesCommentsController.getAll()
2016-10-25 18:50:19.218  INFO 24281 --- [    Test worker] s.w.s.m.m.a.RequestMappingHandlerMapping : Mapped "{[/voluntariescommetns/getall],methods=[GET]}" onto java.util.List<com.example.entity.comments.VoluntariesComments> com.example.controllers.commentsControllers.VoluntariesCommentsController.getAll()
2016-10-25 18:50:19.224  INFO 24281 --- [    Test worker] s.w.s.m.m.a.RequestMappingHandlerMapping : Mapped "{[/events/getbyid/{id}],methods=[GET]}" onto com.example.entity.feeds.Event com.example.controllers.feedControllers.EventController.getEvent(java.lang.Long)
2016-10-25 18:50:19.225  INFO 24281 --- [    Test worker] s.w.s.m.m.a.RequestMappingHandlerMapping : Mapped "{[/events/event],methods=[POST]}" onto com.example.entity.feeds.Event com.example.controllers.feedControllers.EventController.insertEvent(com.example.entity.feeds.Event)
2016-10-25 18:50:19.225  INFO 24281 --- [    Test worker] s.w.s.m.m.a.RequestMappingHandlerMapping : Mapped "{[/events/getbystep/{step}/{step_offset}],methods=[GET]}" onto java.util.List<com.example.entity.feeds.Event> com.example.controllers.feedControllers.EventController.getByStep(int,int)
2016-10-25 18:50:19.225  INFO 24281 --- [    Test worker] s.w.s.m.m.a.RequestMappingHandlerMapping : Mapped "{[/events/delete/{id}],methods=[POST]}" onto public void com.example.controllers.feedControllers.EventController.deleteEvent(java.lang.Long)
2016-10-25 18:50:19.225  INFO 24281 --- [    Test worker] s.w.s.m.m.a.RequestMappingHandlerMapping : Mapped "{[/events/nrfeeds/{user_id}],methods=[GET]}" onto org.json.simple.JSONObject com.example.controllers.feedControllers.EventController.getNumberOfEventsPerUser(java.lang.Long)
2016-10-25 18:50:19.226  INFO 24281 --- [    Test worker] s.w.s.m.m.a.RequestMappingHandlerMapping : Mapped "{[/events/getall],methods=[GET]}" onto java.util.List<com.example.entity.feeds.Event> com.example.controllers.feedControllers.EventController.getAll()
2016-10-25 18:50:19.229  INFO 24281 --- [    Test worker] s.w.s.m.m.a.RequestMappingHandlerMapping : Mapped "{[/feeds/postFeed4],methods=[POST]}" onto com.example.entity.feeds.Event com.example.controllers.feedControllers.FeedController.insertEvent(com.example.entity.feeds.Event) throws java.io.IOException
2016-10-25 18:50:19.229  INFO 24281 --- [    Test worker] s.w.s.m.m.a.RequestMappingHandlerMapping : Mapped "{[/get],methods=[GET]}" onto com.example.entity.feeds.Event com.example.controllers.feedControllers.FeedController.getEvents(java.lang.Long)
2016-10-25 18:50:19.230  INFO 24281 --- [    Test worker] s.w.s.m.m.a.RequestMappingHandlerMapping : Mapped "{[/getFeedByTypee],methods=[POST]}" onto <T> java.util.List<T> com.example.controllers.feedControllers.FeedController.getByType(int,long,int,int)
2016-10-25 18:50:19.231  INFO 24281 --- [    Test worker] s.w.s.m.m.a.RequestMappingHandlerMapping : Mapped "{[/getFeedByType4],methods=[POST]}" onto java.util.List<com.example.entity.feeds.Event> com.example.controllers.feedControllers.FeedController.getEVent(long,int,int)
2016-10-25 18:50:19.231  INFO 24281 --- [    Test worker] s.w.s.m.m.a.RequestMappingHandlerMapping : Mapped "{[/getFeedByType3],methods=[POST]}" onto java.util.List<com.example.entity.feeds.Suggestion> com.example.controllers.feedControllers.FeedController.getSugestion(long,int,int)
2016-10-25 18:50:19.232  INFO 24281 --- [    Test worker] s.w.s.m.m.a.RequestMappingHandlerMapping : Mapped "{[/getFeedByType2],methods=[POST]}" onto java.util.List<com.example.entity.feeds.Trouble> com.example.controllers.feedControllers.FeedController.getTroubles(long,int,int)
2016-10-25 18:50:19.237  INFO 24281 --- [    Test worker] s.w.s.m.m.a.RequestMappingHandlerMapping : Mapped "{[/getFeedByType1],methods=[POST]}" onto java.util.List<com.example.entity.feeds.Voluntaries> com.example.controllers.feedControllers.FeedController.getVoluntaries(java.lang.Long,int,int)
2016-10-25 18:50:19.239  INFO 24281 --- [    Test worker] s.w.s.m.m.a.RequestMappingHandlerMapping : Mapped "{[/feeds/postFeed1],methods=[POST]}" onto com.example.entity.feeds.Voluntaries com.example.controllers.feedControllers.FeedController.insertVountary(com.example.entity.feeds.Voluntaries) throws java.io.IOException
2016-10-25 18:50:19.240  INFO 24281 --- [    Test worker] s.w.s.m.m.a.RequestMappingHandlerMapping : Mapped "{[/feeds/postFeed2],methods=[POST]}" onto com.example.entity.feeds.Trouble com.example.controllers.feedControllers.FeedController.insertTrouble(com.example.entity.feeds.Trouble) throws java.io.IOException
2016-10-25 18:50:19.241  INFO 24281 --- [    Test worker] s.w.s.m.m.a.RequestMappingHandlerMapping : Mapped "{[/feeds/postFeed3],methods=[POST]}" onto com.example.entity.feeds.Suggestion com.example.controllers.feedControllers.FeedController.insertSuggestion(com.example.entity.feeds.Suggestion) throws java.io.IOException
2016-10-25 18:50:19.242  INFO 24281 --- [    Test worker] s.w.s.m.m.a.RequestMappingHandlerMapping : Mapped "{[/getAll],methods=[GET]}" onto java.lang.Object com.example.controllers.feedControllers.FeedController.getAll()
2016-10-25 18:50:19.245  INFO 24281 --- [    Test worker] s.w.s.m.m.a.RequestMappingHandlerMapping : Mapped "{[/users/getbyid/{id}],methods=[GET]}" onto com.example.entity.Profile com.example.controllers.feedControllers.ProfileController.getOne(java.lang.Long)
2016-10-25 18:50:19.247  INFO 24281 --- [    Test worker] s.w.s.m.m.a.RequestMappingHandlerMapping : Mapped "{[/users/delete/{id}],methods=[POST]}" onto public void com.example.controllers.feedControllers.ProfileController.deleteProfile(java.lang.Long)
2016-10-25 18:50:19.249  INFO 24281 --- [    Test worker] s.w.s.m.m.a.RequestMappingHandlerMapping : Mapped "{[/users/getall],methods=[GET]}" onto java.util.List<com.example.entity.Profile> com.example.controllers.feedControllers.ProfileController.getAll()
2016-10-25 18:50:19.250  INFO 24281 --- [    Test worker] s.w.s.m.m.a.RequestMappingHandlerMapping : Mapped "{[/users/profile],methods=[POST]}" onto com.example.entity.Profile com.example.controllers.feedControllers.ProfileController.insert(com.example.entity.Profile)
2016-10-25 18:50:19.255  INFO 24281 --- [    Test worker] s.w.s.m.m.a.RequestMappingHandlerMapping : Mapped "{[/suggestions/getbyid/{id}],methods=[GET]}" onto com.example.entity.feeds.Suggestion com.example.controllers.feedControllers.SuggestionController.getOne(java.lang.Long)
2016-10-25 18:50:19.257  INFO 24281 --- [    Test worker] s.w.s.m.m.a.RequestMappingHandlerMapping : Mapped "{[/suggestions/delete/{id}],methods=[POST]}" onto public void com.example.controllers.feedControllers.SuggestionController.deleteSuggestion(java.lang.Long)
2016-10-25 18:50:19.259  INFO 24281 --- [    Test worker] s.w.s.m.m.a.RequestMappingHandlerMapping : Mapped "{[/suggestions/getall],methods=[GET]}" onto java.util.List<com.example.entity.feeds.Suggestion> com.example.controllers.feedControllers.SuggestionController.getAll()
2016-10-25 18:50:19.260  INFO 24281 --- [    Test worker] s.w.s.m.m.a.RequestMappingHandlerMapping : Mapped "{[/suggestions/suggestion],methods=[POST]}" onto com.example.entity.feeds.Suggestion com.example.controllers.feedControllers.SuggestionController.insert(com.example.entity.feeds.Suggestion)
2016-10-25 18:50:19.263  INFO 24281 --- [    Test worker] s.w.s.m.m.a.RequestMappingHandlerMapping : Mapped "{[/troubles/getbyid/{id}],methods=[GET]}" onto com.example.entity.feeds.Trouble com.example.controllers.feedControllers.TroubleController.getById(java.lang.Long)
2016-10-25 18:50:19.264  INFO 24281 --- [    Test worker] s.w.s.m.m.a.RequestMappingHandlerMapping : Mapped "{[/troubles/delete/{id}],methods=[POST]}" onto public void com.example.controllers.feedControllers.TroubleController.deleteTrounble(java.lang.Long)
2016-10-25 18:50:19.265  INFO 24281 --- [    Test worker] s.w.s.m.m.a.RequestMappingHandlerMapping : Mapped "{[/troubles/getall],methods=[GET]}" onto java.util.List<com.example.entity.feeds.Trouble> com.example.controllers.feedControllers.TroubleController.getAll()
2016-10-25 18:50:19.266  INFO 24281 --- [    Test worker] s.w.s.m.m.a.RequestMappingHandlerMapping : Mapped "{[/troubles/trouble],methods=[POST]}" onto com.example.entity.feeds.Trouble com.example.controllers.feedControllers.TroubleController.insert(com.example.entity.feeds.Trouble)
2016-10-25 18:50:19.270  INFO 24281 --- [    Test worker] s.w.s.m.m.a.RequestMappingHandlerMapping : Mapped "{[/voluntaries/findone/{id}],methods=[GET]}" onto com.example.entity.feeds.Voluntaries com.example.controllers.feedControllers.VoluntariesController.getVoluntary(java.lang.Long)
2016-10-25 18:50:19.271  INFO 24281 --- [    Test worker] s.w.s.m.m.a.RequestMappingHandlerMapping : Mapped "{[/voluntaries/voluntary],methods=[POST]}" onto public com.example.entity.feeds.Voluntaries com.example.controllers.feedControllers.VoluntariesController.createVoluntary(com.example.entity.feeds.Voluntaries)
2016-10-25 18:50:19.273  INFO 24281 --- [    Test worker] s.w.s.m.m.a.RequestMappingHandlerMapping : Mapped "{[/voluntaries/delete/{id}],methods=[POST]}" onto public void com.example.controllers.feedControllers.VoluntariesController.deleteVoluntary(java.lang.Long)
2016-10-25 18:50:19.274  INFO 24281 --- [    Test worker] s.w.s.m.m.a.RequestMappingHandlerMapping : Mapped "{[/voluntaries/getAll],methods=[GET]}" onto java.util.List<com.example.entity.feeds.Voluntaries> com.example.controllers.feedControllers.VoluntariesController.getAll()
2016-10-25 18:50:19.277  INFO 24281 --- [    Test worker] s.w.s.m.m.a.RequestMappingHandlerMapping : Mapped "{[/upload1],methods=[POST]}" onto org.json.simple.JSONObject com.example.controllers.upload.FileUploadController.uploadFileHandler(org.springframework.web.multipart.MultipartFile)
2016-10-25 18:50:19.279  INFO 24281 --- [    Test worker] s.w.s.m.m.a.RequestMappingHandlerMapping : Mapped "{[/upload],methods=[POST]}" onto public org.json.simple.JSONArray com.example.controllers.upload.FileUploadController.uploadMultipleFileHandler(org.springframework.web.multipart.MultipartFile[])
2016-10-25 18:50:19.285  INFO 24281 --- [    Test worker] s.w.s.m.m.a.RequestMappingHandlerMapping : Mapped "{[/getPhoto/{name}/],methods=[GET]}" onto public void com.example.controllers.upload.MediaGetter.getImage(javax.servlet.http.HttpServletResponse,java.lang.String) throws java.lang.Exception
2016-10-25 18:50:19.287  INFO 24281 --- [    Test worker] s.w.s.m.m.a.RequestMappingHandlerMapping : Mapped "{[/getVideo/{name}/],methods=[GET]}" onto public void com.example.controllers.upload.MediaGetter.getVideo(javax.servlet.http.HttpServletResponse,java.lang.String) throws java.lang.Exception
2016-10-25 18:50:19.288  INFO 24281 --- [    Test worker] s.w.s.m.m.a.RequestMappingHandlerMapping : Mapped "{[/vote],methods=[POST]}" onto <T> T com.example.controllers.voteControllers.VoteController.voteSomething(long,long,int,int)
2016-10-25 18:50:19.293  INFO 24281 --- [    Test worker] s.w.s.m.m.a.RequestMappingHandlerMapping : Mapped "{[/vote_event/insertVote],methods=[POST]}" onto com.example.entity.votes.VoteEvent com.example.controllers.voteControllers.VoteEventController.insertVote(com.example.entity.votes.VoteEvent)
2016-10-25 18:50:19.294  INFO 24281 --- [    Test worker] s.w.s.m.m.a.RequestMappingHandlerMapping : Mapped "{[/vote_event/getlikes/{feed_id}],methods=[GET]}" onto org.json.simple.JSONObject com.example.controllers.voteControllers.VoteEventController.getLikes(java.lang.Long)
2016-10-25 18:50:19.296  INFO 24281 --- [    Test worker] s.w.s.m.m.a.RequestMappingHandlerMapping : Mapped "{[/vote_event/getJoined/{feed_id}],methods=[GET]}" onto org.json.simple.JSONObject com.example.controllers.voteControllers.VoteEventController.getJoins(java.lang.Long)
2016-10-25 18:50:19.297  INFO 24281 --- [    Test worker] s.w.s.m.m.a.RequestMappingHandlerMapping : Mapped "{[/vote_event/getbyid/{id}],methods=[GET]}" onto com.example.entity.votes.VoteEvent com.example.controllers.voteControllers.VoteEventController.getById(java.lang.Long)
2016-10-25 18:50:19.298  INFO 24281 --- [    Test worker] s.w.s.m.m.a.RequestMappingHandlerMapping : Mapped "{[/vote_event/getAll],methods=[GET]}" onto java.util.List<com.example.entity.votes.VoteEvent> com.example.controllers.voteControllers.VoteEventController.getAll()
2016-10-25 18:50:19.300  INFO 24281 --- [    Test worker] s.w.s.m.m.a.RequestMappingHandlerMapping : Mapped "{[/vote_event/delete/{id}],methods=[POST]}" onto public void com.example.controllers.voteControllers.VoteEventController.delete(java.lang.Long)
2016-10-25 18:50:19.303  INFO 24281 --- [    Test worker] s.w.s.m.m.a.RequestMappingHandlerMapping : Mapped "{[/vote_suggestion/insertVote],methods=[POST]}" onto com.example.entity.votes.VoteSuggestion com.example.controllers.voteControllers.VoteSuggestionController.insertVote(com.example.entity.votes.VoteSuggestion)
2016-10-25 18:50:19.304  INFO 24281 --- [    Test worker] s.w.s.m.m.a.RequestMappingHandlerMapping : Mapped "{[/vote_suggestion/getlikes/{feed_id}],methods=[GET]}" onto org.json.simple.JSONObject com.example.controllers.voteControllers.VoteSuggestionController.getLikes(java.lang.Long)
2016-10-25 18:50:19.305  INFO 24281 --- [    Test worker] s.w.s.m.m.a.RequestMappingHandlerMapping : Mapped "{[/vote_suggestion/getJoined/{feed_id}],methods=[GET]}" onto org.json.simple.JSONObject com.example.controllers.voteControllers.VoteSuggestionController.getJoins(java.lang.Long)
2016-10-25 18:50:19.306  INFO 24281 --- [    Test worker] s.w.s.m.m.a.RequestMappingHandlerMapping : Mapped "{[/vote_suggestion/getbyid/{id}],methods=[GET]}" onto com.example.entity.votes.VoteSuggestion com.example.controllers.voteControllers.VoteSuggestionController.getById(java.lang.Long)
2016-10-25 18:50:19.307  INFO 24281 --- [    Test worker] s.w.s.m.m.a.RequestMappingHandlerMapping : Mapped "{[/vote_suggestion/getAll],methods=[GET]}" onto java.util.List<com.example.entity.votes.VoteSuggestion> com.example.controllers.voteControllers.VoteSuggestionController.getAll()
2016-10-25 18:50:19.309  INFO 24281 --- [    Test worker] s.w.s.m.m.a.RequestMappingHandlerMapping : Mapped "{[/vote_suggestion/delete/{id}],methods=[POST]}" onto public void com.example.controllers.voteControllers.VoteSuggestionController.delete(java.lang.Long)
2016-10-25 18:50:19.312  INFO 24281 --- [    Test worker] s.w.s.m.m.a.RequestMappingHandlerMapping : Mapped "{[/vote_trouble/insertVote],methods=[POST]}" onto com.example.entity.votes.VoteTrouble com.example.controllers.voteControllers.VoteTroubleController.insertVote(com.example.entity.votes.VoteTrouble)
2016-10-25 18:50:19.313  INFO 24281 --- [    Test worker] s.w.s.m.m.a.RequestMappingHandlerMapping : Mapped "{[/vote_trouble/getlikes/{feed_id}],methods=[GET]}" onto org.json.simple.JSONObject com.example.controllers.voteControllers.VoteTroubleController.getLikes(java.lang.Long)
2016-10-25 18:50:19.314  INFO 24281 --- [    Test worker] s.w.s.m.m.a.RequestMappingHandlerMapping : Mapped "{[/vote_trouble/getJoined/{feed_id}],methods=[GET]}" onto org.json.simple.JSONObject com.example.controllers.voteControllers.VoteTroubleController.getJoins(java.lang.Long)
2016-10-25 18:50:19.316  INFO 24281 --- [    Test worker] s.w.s.m.m.a.RequestMappingHandlerMapping : Mapped "{[/vote_trouble/getbyid/{id}],methods=[GET]}" onto com.example.entity.votes.VoteTrouble com.example.controllers.voteControllers.VoteTroubleController.getById(java.lang.Long)
2016-10-25 18:50:19.317  INFO 24281 --- [    Test worker] s.w.s.m.m.a.RequestMappingHandlerMapping : Mapped "{[/vote_trouble/getAll],methods=[GET]}" onto java.util.List<com.example.entity.votes.VoteTrouble> com.example.controllers.voteControllers.VoteTroubleController.getAll()
2016-10-25 18:50:19.318  INFO 24281 --- [    Test worker] s.w.s.m.m.a.RequestMappingHandlerMapping : Mapped "{[/vote_trouble/delete/{id}],methods=[POST]}" onto public void com.example.controllers.voteControllers.VoteTroubleController.delete(java.lang.Long)
2016-10-25 18:50:19.321  INFO 24281 --- [    Test worker] s.w.s.m.m.a.RequestMappingHandlerMapping : Mapped "{[/vote_voluntary/insertVote],methods=[POST]}" onto com.example.entity.votes.VoteVoluntarie com.example.controllers.voteControllers.VoteVoluntaryController.insertVote(com.example.entity.votes.VoteVoluntarie)
2016-10-25 18:50:19.323  INFO 24281 --- [    Test worker] s.w.s.m.m.a.RequestMappingHandlerMapping : Mapped "{[/vote_voluntary/getJoined/{feed_id}],methods=[GET]}" onto org.json.simple.JSONObject com.example.controllers.voteControllers.VoteVoluntaryController.getJoins(java.lang.Long)
2016-10-25 18:50:19.324  INFO 24281 --- [    Test worker] s.w.s.m.m.a.RequestMappingHandlerMapping : Mapped "{[/vote_voluntary/getbyid/{id}],methods=[GET]}" onto com.example.entity.votes.VoteVoluntarie com.example.controllers.voteControllers.VoteVoluntaryController.getById(java.lang.Long)
2016-10-25 18:50:19.325  INFO 24281 --- [    Test worker] s.w.s.m.m.a.RequestMappingHandlerMapping : Mapped "{[/vote_voluntary/getAll],methods=[GET]}" onto java.util.List<com.example.entity.votes.VoteVoluntarie> com.example.controllers.voteControllers.VoteVoluntaryController.getAll()
2016-10-25 18:50:19.326  INFO 24281 --- [    Test worker] s.w.s.m.m.a.RequestMappingHandlerMapping : Mapped "{[/vote_voluntary/delete/{id}],methods=[POST]}" onto public void com.example.controllers.voteControllers.VoteVoluntaryController.delete(java.lang.Long)
2016-10-25 18:50:19.334  INFO 24281 --- [    Test worker] s.w.s.m.m.a.RequestMappingHandlerMapping : Mapped "{[/error],produces=[text/html]}" onto public org.springframework.web.servlet.ModelAndView org.springframework.boot.autoconfigure.web.BasicErrorController.errorHtml(javax.servlet.http.HttpServletRequest,javax.servlet.http.HttpServletResponse)
2016-10-25 18:50:19.335  INFO 24281 --- [    Test worker] s.w.s.m.m.a.RequestMappingHandlerMapping : Mapped "{[/error]}" onto public org.springframework.http.ResponseEntity<java.util.Map<java.lang.String, java.lang.Object>> org.springframework.boot.autoconfigure.web.BasicErrorController.error(javax.servlet.http.HttpServletRequest)
2016-10-25 18:50:19.618  INFO 24281 --- [    Test worker] s.w.s.m.m.a.RequestMappingHandlerAdapter : Looking for @ControllerAdvice: org.springframework.web.context.support.GenericWebApplicationContext@3c265f5e: startup date [Tue Oct 25 18:50:12 EEST 2016]; root of context hierarchy
2016-10-25 18:50:20.793  WARN 24281 --- [    Test worker] .t.AbstractTemplateResolverConfiguration : Cannot find template location: classpath:/templates/ (please add some templates or check your Thymeleaf configuration)
2016-10-25 18:50:21.228  INFO 24281 --- [    Test worker] com.example.ExampleApplicationTests      : Started ExampleApplicationTests in 10.012 seconds (JVM running for 11.486)
]]></system-out>
  <system-err><![CDATA[]]></system-err>
</testsuite>
